2017-03-21 19:46:21,778 [Worker-3] INFO  c.g.t.t.d.PublishedGradleVersions - Gradle version information cache is not available. Remote download required.
2017-03-21 19:56:09,587 [Thread-6] ERROR org.eclipse.jgit.util.FS - which: no git in (/usr/local/bin:/usr/bin:/cygdrive/c/Program Files/Java/jre1.8.0_92/bin/server:/cygdrive/c/Program Files/Java/jre1.8.0_92/bin:/cygdrive/c/Program Files/Java/jre1.8.0_92/lib/amd64:/cygdrive/c/Program Files/Docker/Docker/Resources/bin:/cygdrive/c/ProgramData/Oracle/Java/javapath:/cygdrive/c/Windows/system32:/cygdrive/c/Windows:/cygdrive/c/Windows/System32/Wbem:/cygdrive/c/Windows/System32/WindowsPowerShell/v1.0:/cygdrive/c/Program Files (x86)/Intel/OpenCL SDK/2.0/bin/x86:/cygdrive/c/Program Files (x86)/Intel/OpenCL SDK/2.0/bin/x64:/cygdrive/c/Program Files/Intel/WiFi/bin:/cygdrive/c/Program Files/Common Files/Intel/WirelessCommon:/cygdrive/c/Program Files (x86)/Intel/Services/IPT:/cygdrive/c/Program Files (x86)/Lenovo/Password Manager:/cygdrive/c/Program Files (x86)/Lenovo/Access Connections:/cygdrive/c/Program Files (x86)/Windows Live/Shared:/cygdrive/c/Windows/system32/config/systemprofile/.dnx/bin:/cygdrive/c/Program Files/Microsoft DNX/Dnvm:/cygdrive/c/Program Files/Microsoft SQL Server/130/Tools/Binn:/cygdrive/e/Softwares/nodejs:/cygdrive/c/Program Files (x86)/Skype/Phone:/cygdrive/c/ProgramData/Oracle/Java/javapath:/cygdrive/c/WINDOWS/system32:/cygdrive/c/WINDOWS:/cygdrive/c/WINDOWS/System32/Wbem:/cygdrive/c/WINDOWS/System32/WindowsPowerShell/v1.0:/cygdrive/c/Program Files (x86)/Intel/OpenCL SDK/2.0/bin/x86:/cygdrive/c/Program Files (x86)/Intel/OpenCL SDK/2.0/bin/x64:/cygdrive/c/Program Files/Intel/WiFi/bin:/cygdrive/c/Program Files/Common Files/Intel/WirelessCommon:/cygdrive/c/Program Files (x86)/Intel/Services/IPT:/cygdrive/c/Program Files (x86)/Lenovo/Password Manager:/cygdrive/c/Program Files (x86)/Lenovo/Access Connections:/cygdrive/c/Program Files (x86)/Skype/Phone:/cygdrive/c/Program Files (x86)/Windows Live/Shared:/cygdrive/c/WINDOWS/system32/config/systemprofile/.dnx/bin:/cygdrive/c/Program Files/Microsoft DNX/Dnvm:/cygdrive/c/Program Files/Microsoft SQL Server/130/Tools/Binn:/cygdrive/e/Softwares/nodejs:/cygdrive/c/Program Files/Common Files/Intel/Wireless:/usr/bin:/cygdrive/e/Softwares/apache-maven-3.3.9/bin:/cygdrive/c/Users/agane/AppData/Local/Microsoft/WindowsApps:/cygdrive/e/Softwares/Microsoft VS Code/bin:/cygdrive/c/Windows/system32)

2017-03-21 19:57:40,369 [Worker-11] INFO  o.e.m.c.i.p.ProjectConfigurationManager - Collecting project info '/pom.xml' C:\Users\agane\Desktop\Docker\Hello-World-Java\org.pictolearn\pom.xml
2017-03-21 19:57:42,556 [Worker-11] INFO  o.e.m.c.i.l.LifecycleMappingFactory - Using org.eclipse.m2e.jdt.JarLifecycleMapping lifecycle mapping for MavenProject: org.pictolearn:org.pictolearn:1.0.0-SNAPSHOT @ C:\Users\agane\Desktop\Docker\Hello-World-Java\org.pictolearn\pom.xml.
2017-03-21 19:57:43,111 [Worker-11] INFO  o.e.m.j.i.AbstractJavaProjectConfigurator - Adding source folder /org.pictolearn/src/main/java
2017-03-21 19:57:43,123 [Worker-11] INFO  o.e.m.j.i.AbstractJavaProjectConfigurator - Adding source folder /org.pictolearn/src/test/java
2017-03-21 19:57:43,242 [Worker-11] INFO  o.e.m.c.i.p.ProjectConfigurationManager - Imported and configured 1 project(s) in 2 sec
2017-03-21 19:57:44,029 [Worker-2] INFO  o.e.m.c.i.embedder.EclipseLogger - Using 'UTF-8' encoding to copy filtered resources.
2017-03-21 19:57:44,030 [Worker-2] INFO  o.e.m.c.i.embedder.EclipseLogger - skip non existing resourceDirectory C:\Users\agane\Desktop\Docker\Hello-World-Java\org.pictolearn\src\main\resources
2017-03-21 19:57:44,036 [Worker-2] INFO  o.e.m.c.i.embedder.EclipseLogger - Using 'UTF-8' encoding to copy filtered resources.
2017-03-21 19:57:44,037 [Worker-2] INFO  o.e.m.c.i.embedder.EclipseLogger - skip non existing resourceDirectory C:\Users\agane\Desktop\Docker\Hello-World-Java\org.pictolearn\src\test\resources
2017-03-21 19:57:53,240 [Worker-11] INFO  o.e.m.c.i.l.LifecycleMappingFactory - Using org.eclipse.m2e.jdt.JarLifecycleMapping lifecycle mapping for MavenProject: org.pictolearn:org.pictolearn:1.0.0-SNAPSHOT @ C:\Users\agane\Desktop\Docker\Hello-World-Java\Hello World Java\pom.xml.
2017-03-21 19:57:53,371 [Worker-11] INFO  o.e.m.c.i.embedder.EclipseLogger - Using 'UTF-8' encoding to copy filtered resources.
2017-03-21 19:57:53,372 [Worker-11] INFO  o.e.m.c.i.embedder.EclipseLogger - skip non existing resourceDirectory C:\Users\agane\Desktop\Docker\Hello-World-Java\Hello World Java\src\main\resources
2017-03-21 19:57:53,375 [Worker-11] INFO  o.e.m.c.i.embedder.EclipseLogger - Using 'UTF-8' encoding to copy filtered resources.
2017-03-21 19:57:53,375 [Worker-11] INFO  o.e.m.c.i.embedder.EclipseLogger - skip non existing resourceDirectory C:\Users\agane\Desktop\Docker\Hello-World-Java\Hello World Java\src\test\resources
2017-03-21 19:57:54,637 [Worker-14] INFO  o.e.m.c.i.embedder.EclipseLogger - Using 'UTF-8' encoding to copy filtered resources.
2017-03-21 19:57:54,638 [Worker-14] INFO  o.e.m.c.i.embedder.EclipseLogger - skip non existing resourceDirectory C:\Users\agane\Desktop\Docker\Hello-World-Java\Hello World Java\src\main\resources
2017-03-21 19:57:54,641 [Worker-14] INFO  o.e.m.c.i.embedder.EclipseLogger - Using 'UTF-8' encoding to copy filtered resources.
2017-03-21 19:57:54,641 [Worker-14] INFO  o.e.m.c.i.embedder.EclipseLogger - skip non existing resourceDirectory C:\Users\agane\Desktop\Docker\Hello-World-Java\Hello World Java\src\test\resources
2017-03-21 19:58:22,138 [Worker-2] INFO  o.e.m.c.i.embedder.EclipseLogger - Using 'UTF-8' encoding to copy filtered resources.
2017-03-21 19:58:22,138 [Worker-2] INFO  o.e.m.c.i.embedder.EclipseLogger - skip non existing resourceDirectory C:\Users\agane\Desktop\Docker\Hello-World-Java\Hello World Java\src\main\resources
2017-03-21 19:58:22,145 [Worker-2] INFO  o.e.m.c.i.embedder.EclipseLogger - Using 'UTF-8' encoding to copy filtered resources.
2017-03-21 19:58:22,145 [Worker-2] INFO  o.e.m.c.i.embedder.EclipseLogger - skip non existing resourceDirectory C:\Users\agane\Desktop\Docker\Hello-World-Java\Hello World Java\src\test\resources
2017-03-21 19:58:30,244 [Worker-15] INFO  o.e.m.c.i.embedder.EclipseLogger - Using 'UTF-8' encoding to copy filtered resources.
2017-03-21 19:58:30,244 [Worker-15] INFO  o.e.m.c.i.embedder.EclipseLogger - skip non existing resourceDirectory C:\Users\agane\Desktop\Docker\Hello-World-Java\Hello World Java\src\main\resources
2017-03-21 19:58:30,246 [Worker-15] INFO  o.e.m.c.i.embedder.EclipseLogger - Using 'UTF-8' encoding to copy filtered resources.
2017-03-21 19:58:30,246 [Worker-15] INFO  o.e.m.c.i.embedder.EclipseLogger - skip non existing resourceDirectory C:\Users\agane\Desktop\Docker\Hello-World-Java\Hello World Java\src\test\resources
2017-03-21 19:58:31,285 [Worker-11] INFO  o.e.m.c.i.embedder.EclipseLogger - Using 'UTF-8' encoding to copy filtered resources.
2017-03-21 19:58:31,286 [Worker-11] INFO  o.e.m.c.i.embedder.EclipseLogger - skip non existing resourceDirectory C:\Users\agane\Desktop\Docker\Hello-World-Java\Hello World Java\src\main\resources
2017-03-21 19:58:31,288 [Worker-11] INFO  o.e.m.c.i.embedder.EclipseLogger - Using 'UTF-8' encoding to copy filtered resources.
2017-03-21 19:58:31,288 [Worker-11] INFO  o.e.m.c.i.embedder.EclipseLogger - skip non existing resourceDirectory C:\Users\agane\Desktop\Docker\Hello-World-Java\Hello World Java\src\test\resources
2017-03-21 19:58:35,841 [Worker-14] INFO  o.e.m.c.i.embedder.EclipseLogger - Using 'UTF-8' encoding to copy filtered resources.
2017-03-21 19:58:35,842 [Worker-14] INFO  o.e.m.c.i.embedder.EclipseLogger - skip non existing resourceDirectory C:\Users\agane\Desktop\Docker\Hello-World-Java\Hello World Java\src\main\resources
2017-03-21 19:58:35,846 [Worker-14] INFO  o.e.m.c.i.embedder.EclipseLogger - Using 'UTF-8' encoding to copy filtered resources.
2017-03-21 19:58:35,846 [Worker-14] INFO  o.e.m.c.i.embedder.EclipseLogger - skip non existing resourceDirectory C:\Users\agane\Desktop\Docker\Hello-World-Java\Hello World Java\src\test\resources
2017-03-21 19:59:03,616 [Worker-14] INFO  o.e.m.c.i.l.LifecycleMappingFactory - Using org.eclipse.m2e.jdt.JarLifecycleMapping lifecycle mapping for MavenProject: docker-git-hello-world:docker-git-hello-world:0.0.1-SNAPSHOT @ C:\Users\agane\Desktop\Docker\Hello-World-Java\Hello World Java\pom.xml.
2017-03-21 19:59:04,014 [Worker-14] INFO  o.e.m.c.i.embedder.EclipseLogger - Using 'UTF-8' encoding to copy filtered resources.
2017-03-21 19:59:04,014 [Worker-14] INFO  o.e.m.c.i.embedder.EclipseLogger - skip non existing resourceDirectory C:\Users\agane\Desktop\Docker\Hello-World-Java\Hello World Java\src\main\resources
2017-03-21 19:59:04,020 [Worker-14] INFO  o.e.m.c.i.embedder.EclipseLogger - Using 'UTF-8' encoding to copy filtered resources.
2017-03-21 19:59:04,020 [Worker-14] INFO  o.e.m.c.i.embedder.EclipseLogger - skip non existing resourceDirectory C:\Users\agane\Desktop\Docker\Hello-World-Java\Hello World Java\src\test\resources
2017-03-21 19:59:05,197 [Worker-14] INFO  o.e.m.c.i.embedder.EclipseLogger - Using 'UTF-8' encoding to copy filtered resources.
2017-03-21 19:59:05,198 [Worker-14] INFO  o.e.m.c.i.embedder.EclipseLogger - skip non existing resourceDirectory C:\Users\agane\Desktop\Docker\Hello-World-Java\Hello World Java\src\main\resources
2017-03-21 19:59:05,200 [Worker-14] INFO  o.e.m.c.i.embedder.EclipseLogger - Using 'UTF-8' encoding to copy filtered resources.
2017-03-21 19:59:05,200 [Worker-14] INFO  o.e.m.c.i.embedder.EclipseLogger - skip non existing resourceDirectory C:\Users\agane\Desktop\Docker\Hello-World-Java\Hello World Java\src\test\resources
2017-03-21 19:59:27,365 [Worker-11] INFO  o.e.m.c.i.embedder.EclipseLogger - Using 'UTF-8' encoding to copy filtered resources.
2017-03-21 19:59:27,366 [Worker-11] INFO  o.e.m.c.i.embedder.EclipseLogger - skip non existing resourceDirectory C:\Users\agane\Desktop\Docker\Hello-World-Java\Hello World Java\src\main\resources
2017-03-21 19:59:27,368 [Worker-11] INFO  o.e.m.c.i.embedder.EclipseLogger - Using 'UTF-8' encoding to copy filtered resources.
2017-03-21 19:59:27,369 [Worker-11] INFO  o.e.m.c.i.embedder.EclipseLogger - skip non existing resourceDirectory C:\Users\agane\Desktop\Docker\Hello-World-Java\Hello World Java\src\test\resources
2017-03-21 19:59:36,509 [Worker-2] INFO  o.e.m.c.i.embedder.EclipseLogger - Using 'UTF-8' encoding to copy filtered resources.
2017-03-21 19:59:36,509 [Worker-2] INFO  o.e.m.c.i.embedder.EclipseLogger - skip non existing resourceDirectory C:\Users\agane\Desktop\Docker\Hello-World-Java\Hello World Java\src\main\resources
2017-03-21 19:59:36,513 [Worker-2] INFO  o.e.m.c.i.embedder.EclipseLogger - Using 'UTF-8' encoding to copy filtered resources.
2017-03-21 19:59:36,514 [Worker-2] INFO  o.e.m.c.i.embedder.EclipseLogger - skip non existing resourceDirectory C:\Users\agane\Desktop\Docker\Hello-World-Java\Hello World Java\src\test\resources
2017-03-21 20:01:24,097 [Worker-0] INFO  c.g.t.t.d.PublishedGradleVersions - Gradle version information cache is up-to-date. Trying to read.
2017-03-21 20:01:30,823 [Thread-6] ERROR org.eclipse.jgit.util.FS - which: no git in (/usr/local/bin:/usr/bin:/cygdrive/c/Program Files/Java/jre1.8.0_92/bin/server:/cygdrive/c/Program Files/Java/jre1.8.0_92/bin:/cygdrive/c/Program Files/Java/jre1.8.0_92/lib/amd64:/cygdrive/c/Program Files/Docker/Docker/Resources/bin:/cygdrive/c/ProgramData/Oracle/Java/javapath:/cygdrive/c/Windows/system32:/cygdrive/c/Windows:/cygdrive/c/Windows/System32/Wbem:/cygdrive/c/Windows/System32/WindowsPowerShell/v1.0:/cygdrive/c/Program Files (x86)/Intel/OpenCL SDK/2.0/bin/x86:/cygdrive/c/Program Files (x86)/Intel/OpenCL SDK/2.0/bin/x64:/cygdrive/c/Program Files/Intel/WiFi/bin:/cygdrive/c/Program Files/Common Files/Intel/WirelessCommon:/cygdrive/c/Program Files (x86)/Intel/Services/IPT:/cygdrive/c/Program Files (x86)/Lenovo/Password Manager:/cygdrive/c/Program Files (x86)/Lenovo/Access Connections:/cygdrive/c/Program Files (x86)/Windows Live/Shared:/cygdrive/c/Windows/system32/config/systemprofile/.dnx/bin:/cygdrive/c/Program Files/Microsoft DNX/Dnvm:/cygdrive/c/Program Files/Microsoft SQL Server/130/Tools/Binn:/cygdrive/e/Softwares/nodejs:/cygdrive/c/Program Files (x86)/Skype/Phone:/cygdrive/c/ProgramData/Oracle/Java/javapath:/cygdrive/c/WINDOWS/system32:/cygdrive/c/WINDOWS:/cygdrive/c/WINDOWS/System32/Wbem:/cygdrive/c/WINDOWS/System32/WindowsPowerShell/v1.0:/cygdrive/c/Program Files (x86)/Intel/OpenCL SDK/2.0/bin/x86:/cygdrive/c/Program Files (x86)/Intel/OpenCL SDK/2.0/bin/x64:/cygdrive/c/Program Files/Intel/WiFi/bin:/cygdrive/c/Program Files/Common Files/Intel/WirelessCommon:/cygdrive/c/Program Files (x86)/Intel/Services/IPT:/cygdrive/c/Program Files (x86)/Lenovo/Password Manager:/cygdrive/c/Program Files (x86)/Lenovo/Access Connections:/cygdrive/c/Program Files (x86)/Skype/Phone:/cygdrive/c/Program Files (x86)/Windows Live/Shared:/cygdrive/c/WINDOWS/system32/config/systemprofile/.dnx/bin:/cygdrive/c/Program Files/Microsoft DNX/Dnvm:/cygdrive/c/Program Files/Microsoft SQL Server/130/Tools/Binn:/cygdrive/e/Softwares/nodejs:/cygdrive/c/Program Files/Common Files/Intel/Wireless:/usr/bin:/cygdrive/e/Softwares/apache-maven-3.3.9/bin:/cygdrive/c/Users/agane/AppData/Local/Microsoft/WindowsApps:/cygdrive/e/Softwares/Microsoft VS Code/bin:/cygdrive/c/Windows/system32)

2017-03-21 20:13:12,837 [Worker-16] INFO  o.e.m.c.i.embedder.EclipseLogger - Using 'UTF-8' encoding to copy filtered resources.
2017-03-21 20:13:12,839 [Worker-16] INFO  o.e.m.c.i.embedder.EclipseLogger - skip non existing resourceDirectory C:\Users\agane\Desktop\Docker\Hello-World-Java\Hello World Java\src\main\resources
2017-03-21 20:13:12,844 [Worker-16] INFO  o.e.m.c.i.embedder.EclipseLogger - Using 'UTF-8' encoding to copy filtered resources.
2017-03-21 20:13:12,844 [Worker-16] INFO  o.e.m.c.i.embedder.EclipseLogger - skip non existing resourceDirectory C:\Users\agane\Desktop\Docker\Hello-World-Java\Hello World Java\src\test\resources
2017-03-21 20:13:43,903 [Worker-14] INFO  o.e.m.c.i.embedder.EclipseLogger - Using 'UTF-8' encoding to copy filtered resources.
2017-03-21 20:13:43,903 [Worker-14] INFO  o.e.m.c.i.embedder.EclipseLogger - skip non existing resourceDirectory C:\Users\agane\Desktop\Docker\Hello-World-Java\Hello World Java\src\main\resources
2017-03-21 20:13:43,906 [Worker-14] INFO  o.e.m.c.i.embedder.EclipseLogger - Using 'UTF-8' encoding to copy filtered resources.
2017-03-21 20:13:43,906 [Worker-14] INFO  o.e.m.c.i.embedder.EclipseLogger - skip non existing resourceDirectory C:\Users\agane\Desktop\Docker\Hello-World-Java\Hello World Java\src\test\resources
2017-03-21 20:14:00,470 [Worker-14] INFO  o.e.m.c.i.embedder.EclipseLogger - Using 'UTF-8' encoding to copy filtered resources.
2017-03-21 20:14:00,470 [Worker-14] INFO  o.e.m.c.i.embedder.EclipseLogger - skip non existing resourceDirectory C:\Users\agane\Desktop\Docker\Hello-World-Java\Hello World Java\src\main\resources
2017-03-21 20:14:00,474 [Worker-14] INFO  o.e.m.c.i.embedder.EclipseLogger - Using 'UTF-8' encoding to copy filtered resources.
2017-03-21 20:14:00,474 [Worker-14] INFO  o.e.m.c.i.embedder.EclipseLogger - skip non existing resourceDirectory C:\Users\agane\Desktop\Docker\Hello-World-Java\Hello World Java\src\test\resources
2017-03-21 20:14:25,606 [Worker-15] INFO  o.e.m.c.i.embedder.EclipseLogger - Using 'UTF-8' encoding to copy filtered resources.
2017-03-21 20:14:25,606 [Worker-15] INFO  o.e.m.c.i.embedder.EclipseLogger - skip non existing resourceDirectory C:\Users\agane\Desktop\Docker\Hello-World-Java\Hello World Java\src\main\resources
2017-03-21 20:14:25,608 [Worker-15] INFO  o.e.m.c.i.embedder.EclipseLogger - Using 'UTF-8' encoding to copy filtered resources.
2017-03-21 20:14:25,609 [Worker-15] INFO  o.e.m.c.i.embedder.EclipseLogger - skip non existing resourceDirectory C:\Users\agane\Desktop\Docker\Hello-World-Java\Hello World Java\src\test\resources
2017-03-21 20:15:05,917 [Worker-16] INFO  o.e.m.c.i.embedder.EclipseLogger - Using 'UTF-8' encoding to copy filtered resources.
2017-03-21 20:15:05,918 [Worker-16] INFO  o.e.m.c.i.embedder.EclipseLogger - skip non existing resourceDirectory C:\Users\agane\Desktop\Docker\Hello-World-Java\Hello World Java\src\main\resources
2017-03-21 20:15:05,920 [Worker-16] INFO  o.e.m.c.i.embedder.EclipseLogger - Using 'UTF-8' encoding to copy filtered resources.
2017-03-21 20:15:05,921 [Worker-16] INFO  o.e.m.c.i.embedder.EclipseLogger - skip non existing resourceDirectory C:\Users\agane\Desktop\Docker\Hello-World-Java\Hello World Java\src\test\resources
2017-03-21 20:16:29,418 [Worker-16] INFO  o.e.m.c.i.embedder.EclipseLogger - Using 'UTF-8' encoding to copy filtered resources.
2017-03-21 20:16:29,418 [Worker-16] INFO  o.e.m.c.i.embedder.EclipseLogger - skip non existing resourceDirectory C:\Users\agane\Desktop\Docker\Hello-World-Java\Hello World Java\src\main\resources
2017-03-21 20:16:29,420 [Worker-16] INFO  o.e.m.c.i.embedder.EclipseLogger - Using 'UTF-8' encoding to copy filtered resources.
2017-03-21 20:16:29,421 [Worker-16] INFO  o.e.m.c.i.embedder.EclipseLogger - skip non existing resourceDirectory C:\Users\agane\Desktop\Docker\Hello-World-Java\Hello World Java\src\test\resources
2017-03-21 20:27:58,065 [Worker-26] INFO  o.e.m.c.i.l.LifecycleMappingFactory - Using org.eclipse.m2e.jdt.JarLifecycleMapping lifecycle mapping for MavenProject: docker-git-hello-world:docker-git-hello-world:0.0.1-SNAPSHOT @ C:\Users\agane\Desktop\Docker\Hello-World-Java\docker-git-hello-world\pom.xml.
2017-03-21 20:27:58,634 [Worker-26] INFO  o.e.m.c.i.embedder.EclipseLogger - Using 'UTF-8' encoding to copy filtered resources.
2017-03-21 20:27:58,635 [Worker-26] INFO  o.e.m.c.i.embedder.EclipseLogger - skip non existing resourceDirectory C:\Users\agane\Desktop\Docker\Hello-World-Java\docker-git-hello-world\src\main\resources
2017-03-21 20:27:58,639 [Worker-26] INFO  o.e.m.c.i.embedder.EclipseLogger - Using 'UTF-8' encoding to copy filtered resources.
2017-03-21 20:27:58,640 [Worker-26] INFO  o.e.m.c.i.embedder.EclipseLogger - skip non existing resourceDirectory C:\Users\agane\Desktop\Docker\Hello-World-Java\docker-git-hello-world\src\test\resources
2017-03-21 20:28:02,313 [Worker-15] INFO  o.e.m.c.i.embedder.EclipseLogger - Using 'UTF-8' encoding to copy filtered resources.
2017-03-21 20:28:02,314 [Worker-15] INFO  o.e.m.c.i.embedder.EclipseLogger - skip non existing resourceDirectory C:\Users\agane\Desktop\Docker\Hello-World-Java\docker-git-hello-world\src\main\resources
2017-03-21 20:28:02,317 [Worker-15] INFO  o.e.m.c.i.embedder.EclipseLogger - Using 'UTF-8' encoding to copy filtered resources.
2017-03-21 20:28:02,318 [Worker-15] INFO  o.e.m.c.i.embedder.EclipseLogger - skip non existing resourceDirectory C:\Users\agane\Desktop\Docker\Hello-World-Java\docker-git-hello-world\src\test\resources
2017-03-21 20:45:06,767 [Worker-1] INFO  c.g.t.t.d.PublishedGradleVersions - Gradle version information cache is up-to-date. Trying to read.
2017-03-21 20:45:12,811 [Thread-6] ERROR org.eclipse.jgit.util.FS - which: no git in (/usr/local/bin:/usr/bin:/cygdrive/c/Program Files/Java/jre1.8.0_92/bin/server:/cygdrive/c/Program Files/Java/jre1.8.0_92/bin:/cygdrive/c/Program Files/Java/jre1.8.0_92/lib/amd64:/cygdrive/c/Program Files/Docker/Docker/Resources/bin:/cygdrive/c/ProgramData/Oracle/Java/javapath:/cygdrive/c/Windows/system32:/cygdrive/c/Windows:/cygdrive/c/Windows/System32/Wbem:/cygdrive/c/Windows/System32/WindowsPowerShell/v1.0:/cygdrive/c/Program Files (x86)/Intel/OpenCL SDK/2.0/bin/x86:/cygdrive/c/Program Files (x86)/Intel/OpenCL SDK/2.0/bin/x64:/cygdrive/c/Program Files/Intel/WiFi/bin:/cygdrive/c/Program Files/Common Files/Intel/WirelessCommon:/cygdrive/c/Program Files (x86)/Intel/Services/IPT:/cygdrive/c/Program Files (x86)/Lenovo/Password Manager:/cygdrive/c/Program Files (x86)/Lenovo/Access Connections:/cygdrive/c/Program Files (x86)/Windows Live/Shared:/cygdrive/c/Windows/system32/config/systemprofile/.dnx/bin:/cygdrive/c/Program Files/Microsoft DNX/Dnvm:/cygdrive/c/Program Files/Microsoft SQL Server/130/Tools/Binn:/cygdrive/e/Softwares/nodejs:/cygdrive/c/Program Files (x86)/Skype/Phone:/cygdrive/c/ProgramData/Oracle/Java/javapath:/cygdrive/c/WINDOWS/system32:/cygdrive/c/WINDOWS:/cygdrive/c/WINDOWS/System32/Wbem:/cygdrive/c/WINDOWS/System32/WindowsPowerShell/v1.0:/cygdrive/c/Program Files (x86)/Intel/OpenCL SDK/2.0/bin/x86:/cygdrive/c/Program Files (x86)/Intel/OpenCL SDK/2.0/bin/x64:/cygdrive/c/Program Files/Intel/WiFi/bin:/cygdrive/c/Program Files/Common Files/Intel/WirelessCommon:/cygdrive/c/Program Files (x86)/Intel/Services/IPT:/cygdrive/c/Program Files (x86)/Lenovo/Password Manager:/cygdrive/c/Program Files (x86)/Lenovo/Access Connections:/cygdrive/c/Program Files (x86)/Skype/Phone:/cygdrive/c/Program Files (x86)/Windows Live/Shared:/cygdrive/c/WINDOWS/system32/config/systemprofile/.dnx/bin:/cygdrive/c/Program Files/Microsoft DNX/Dnvm:/cygdrive/c/Program Files/Microsoft SQL Server/130/Tools/Binn:/cygdrive/e/Softwares/nodejs:/cygdrive/c/Program Files/Common Files/Intel/Wireless:/usr/bin:/cygdrive/e/Softwares/apache-maven-3.3.9/bin:/cygdrive/c/Users/agane/AppData/Local/Microsoft/WindowsApps:/cygdrive/e/Softwares/Microsoft VS Code/bin:/cygdrive/c/Users/agane/Downloads)

2017-03-21 21:04:00,369 [Worker-3] INFO  c.g.t.t.d.PublishedGradleVersions - Gradle version information cache is up-to-date. Trying to read.
2017-03-21 21:10:57,323 [Worker-14] INFO  o.e.m.c.i.p.ProjectConfigurationManager - Collecting project info '/pom.xml' C:\Users\agane\Desktop\Docker\Hello-World-Java\docker-git-hello-world\pom.xml
2017-03-21 21:10:59,353 [Worker-14] INFO  o.e.m.c.i.l.LifecycleMappingFactory - Using org.eclipse.m2e.jdt.JarLifecycleMapping lifecycle mapping for MavenProject: docker-git-hello-world:docker-git-hello-world:1.0.0-SNAPSHOT @ C:\Users\agane\Desktop\Docker\Hello-World-Java\docker-git-hello-world\pom.xml.
2017-03-21 21:10:59,916 [Worker-14] INFO  o.e.m.j.i.AbstractJavaProjectConfigurator - Adding source folder /docker-git-hello-world/src/main/java
2017-03-21 21:10:59,925 [Worker-14] INFO  o.e.m.j.i.AbstractJavaProjectConfigurator - Adding source folder /docker-git-hello-world/src/test/java
2017-03-21 21:11:00,225 [Worker-14] INFO  o.e.m.c.i.p.ProjectConfigurationManager - Imported and configured 1 project(s) in 2 sec
2017-03-21 21:11:01,080 [Thread-6] ERROR org.eclipse.jgit.util.FS - which: no git in (/usr/local/bin:/usr/bin:/cygdrive/c/Program Files/Java/jre1.8.0_92/bin/server:/cygdrive/c/Program Files/Java/jre1.8.0_92/bin:/cygdrive/c/Program Files/Java/jre1.8.0_92/lib/amd64:/cygdrive/c/Program Files/Docker/Docker/Resources/bin:/cygdrive/c/ProgramData/Oracle/Java/javapath:/cygdrive/c/Windows/system32:/cygdrive/c/Windows:/cygdrive/c/Windows/System32/Wbem:/cygdrive/c/Windows/System32/WindowsPowerShell/v1.0:/cygdrive/c/Program Files (x86)/Intel/OpenCL SDK/2.0/bin/x86:/cygdrive/c/Program Files (x86)/Intel/OpenCL SDK/2.0/bin/x64:/cygdrive/c/Program Files/Intel/WiFi/bin:/cygdrive/c/Program Files/Common Files/Intel/WirelessCommon:/cygdrive/c/Program Files (x86)/Intel/Services/IPT:/cygdrive/c/Program Files (x86)/Lenovo/Password Manager:/cygdrive/c/Program Files (x86)/Lenovo/Access Connections:/cygdrive/c/Program Files (x86)/Windows Live/Shared:/cygdrive/c/Windows/system32/config/systemprofile/.dnx/bin:/cygdrive/c/Program Files/Microsoft DNX/Dnvm:/cygdrive/c/Program Files/Microsoft SQL Server/130/Tools/Binn:/cygdrive/e/Softwares/nodejs:/cygdrive/c/Program Files (x86)/Skype/Phone:/cygdrive/c/ProgramData/Oracle/Java/javapath:/cygdrive/c/WINDOWS/system32:/cygdrive/c/WINDOWS:/cygdrive/c/WINDOWS/System32/Wbem:/cygdrive/c/WINDOWS/System32/WindowsPowerShell/v1.0:/cygdrive/c/Program Files (x86)/Intel/OpenCL SDK/2.0/bin/x86:/cygdrive/c/Program Files (x86)/Intel/OpenCL SDK/2.0/bin/x64:/cygdrive/c/Program Files/Intel/WiFi/bin:/cygdrive/c/Program Files/Common Files/Intel/WirelessCommon:/cygdrive/c/Program Files (x86)/Intel/Services/IPT:/cygdrive/c/Program Files (x86)/Lenovo/Password Manager:/cygdrive/c/Program Files (x86)/Lenovo/Access Connections:/cygdrive/c/Program Files (x86)/Skype/Phone:/cygdrive/c/Program Files (x86)/Windows Live/Shared:/cygdrive/c/WINDOWS/system32/config/systemprofile/.dnx/bin:/cygdrive/c/Program Files/Microsoft DNX/Dnvm:/cygdrive/c/Program Files/Microsoft SQL Server/130/Tools/Binn:/cygdrive/e/Softwares/nodejs:/cygdrive/c/Program Files/Common Files/Intel/Wireless:/usr/bin:/cygdrive/e/Softwares/apache-maven-3.3.9/bin:/cygdrive/c/Users/agane/AppData/Local/Microsoft/WindowsApps:/cygdrive/e/Softwares/Microsoft VS Code/bin:/cygdrive/c/Users/agane/Downloads)

2017-03-21 21:11:01,907 [Worker-1] INFO  o.e.m.c.i.embedder.EclipseLogger - Using 'UTF-8' encoding to copy filtered resources.
2017-03-21 21:11:01,908 [Worker-1] INFO  o.e.m.c.i.embedder.EclipseLogger - skip non existing resourceDirectory C:\Users\agane\Desktop\Docker\Hello-World-Java\docker-git-hello-world\src\main\resources
2017-03-21 21:11:01,918 [Worker-1] INFO  o.e.m.c.i.embedder.EclipseLogger - Using 'UTF-8' encoding to copy filtered resources.
2017-03-21 21:11:01,918 [Worker-1] INFO  o.e.m.c.i.embedder.EclipseLogger - skip non existing resourceDirectory C:\Users\agane\Desktop\Docker\Hello-World-Java\docker-git-hello-world\src\test\resources
2017-03-21 21:11:27,666 [Worker-6] INFO  o.e.m.c.i.embedder.EclipseLogger - Using 'UTF-8' encoding to copy filtered resources.
2017-03-21 21:11:27,667 [Worker-6] INFO  o.e.m.c.i.embedder.EclipseLogger - skip non existing resourceDirectory C:\Users\agane\Desktop\Docker\Hello-World-Java\docker-git-hello-world\src\main\resources
2017-03-21 21:11:27,677 [Worker-6] INFO  o.e.m.c.i.embedder.EclipseLogger - Using 'UTF-8' encoding to copy filtered resources.
2017-03-21 21:11:27,678 [Worker-6] INFO  o.e.m.c.i.embedder.EclipseLogger - skip non existing resourceDirectory C:\Users\agane\Desktop\Docker\Hello-World-Java\docker-git-hello-world\src\test\resources
2017-03-21 21:11:36,738 [Worker-13] INFO  o.e.m.c.i.embedder.EclipseLogger - Using 'UTF-8' encoding to copy filtered resources.
2017-03-21 21:11:36,740 [Worker-13] INFO  o.e.m.c.i.embedder.EclipseLogger - skip non existing resourceDirectory C:\Users\agane\Desktop\Docker\Hello-World-Java\docker-git-hello-world\src\main\resources
2017-03-21 21:11:36,743 [Worker-13] INFO  o.e.m.c.i.embedder.EclipseLogger - Using 'UTF-8' encoding to copy filtered resources.
2017-03-21 21:11:36,743 [Worker-13] INFO  o.e.m.c.i.embedder.EclipseLogger - skip non existing resourceDirectory C:\Users\agane\Desktop\Docker\Hello-World-Java\docker-git-hello-world\src\test\resources
2017-03-21 21:11:43,565 [Worker-13] INFO  o.e.m.c.i.embedder.EclipseLogger - Using 'UTF-8' encoding to copy filtered resources.
2017-03-21 21:11:43,568 [Worker-13] INFO  o.e.m.c.i.embedder.EclipseLogger - skip non existing resourceDirectory C:\Users\agane\Desktop\Docker\Hello-World-Java\docker-git-hello-world\src\main\resources
2017-03-21 21:11:43,575 [Worker-13] INFO  o.e.m.c.i.embedder.EclipseLogger - Using 'UTF-8' encoding to copy filtered resources.
2017-03-21 21:11:43,575 [Worker-13] INFO  o.e.m.c.i.embedder.EclipseLogger - skip non existing resourceDirectory C:\Users\agane\Desktop\Docker\Hello-World-Java\docker-git-hello-world\src\test\resources
2017-03-21 21:12:03,281 [Worker-6] INFO  o.e.m.c.i.l.LifecycleMappingFactory - Using org.eclipse.m2e.jdt.JarLifecycleMapping lifecycle mapping for MavenProject: docker-git-hello-world:docker-git-hello-world:0.0.1-SNAPSHOT @ C:\Users\agane\Desktop\Docker\Hello-World-Java\docker-git-hello-world\pom.xml.
2017-03-21 21:12:03,683 [Worker-6] INFO  o.e.m.c.i.embedder.EclipseLogger - Using 'UTF-8' encoding to copy filtered resources.
2017-03-21 21:12:03,683 [Worker-6] INFO  o.e.m.c.i.embedder.EclipseLogger - skip non existing resourceDirectory C:\Users\agane\Desktop\Docker\Hello-World-Java\docker-git-hello-world\src\main\resources
2017-03-21 21:12:03,687 [Worker-6] INFO  o.e.m.c.i.embedder.EclipseLogger - Using 'UTF-8' encoding to copy filtered resources.
2017-03-21 21:12:03,687 [Worker-6] INFO  o.e.m.c.i.embedder.EclipseLogger - skip non existing resourceDirectory C:\Users\agane\Desktop\Docker\Hello-World-Java\docker-git-hello-world\src\test\resources
2017-03-21 21:12:04,825 [Worker-6] INFO  o.e.m.c.i.embedder.EclipseLogger - Using 'UTF-8' encoding to copy filtered resources.
2017-03-21 21:12:04,826 [Worker-6] INFO  o.e.m.c.i.embedder.EclipseLogger - skip non existing resourceDirectory C:\Users\agane\Desktop\Docker\Hello-World-Java\docker-git-hello-world\src\main\resources
2017-03-21 21:12:04,828 [Worker-6] INFO  o.e.m.c.i.embedder.EclipseLogger - Using 'UTF-8' encoding to copy filtered resources.
2017-03-21 21:12:04,828 [Worker-6] INFO  o.e.m.c.i.embedder.EclipseLogger - skip non existing resourceDirectory C:\Users\agane\Desktop\Docker\Hello-World-Java\docker-git-hello-world\src\test\resources
2017-03-21 21:12:23,647 [Worker-6] INFO  o.e.m.c.i.embedder.EclipseLogger - Using 'UTF-8' encoding to copy filtered resources.
2017-03-21 21:12:23,647 [Worker-6] INFO  o.e.m.c.i.embedder.EclipseLogger - skip non existing resourceDirectory C:\Users\agane\Desktop\Docker\Hello-World-Java\docker-git-hello-world\src\main\resources
2017-03-21 21:12:23,649 [Worker-6] INFO  o.e.m.c.i.embedder.EclipseLogger - Using 'UTF-8' encoding to copy filtered resources.
2017-03-21 21:12:23,650 [Worker-6] INFO  o.e.m.c.i.embedder.EclipseLogger - skip non existing resourceDirectory C:\Users\agane\Desktop\Docker\Hello-World-Java\docker-git-hello-world\src\test\resources
2017-03-21 21:12:36,826 [Worker-10] INFO  o.e.m.c.i.embedder.EclipseLogger - Using 'UTF-8' encoding to copy filtered resources.
2017-03-21 21:12:36,826 [Worker-10] INFO  o.e.m.c.i.embedder.EclipseLogger - skip non existing resourceDirectory C:\Users\agane\Desktop\Docker\Hello-World-Java\docker-git-hello-world\src\main\resources
2017-03-21 21:12:36,830 [Worker-10] INFO  o.e.m.c.i.embedder.EclipseLogger - Using 'UTF-8' encoding to copy filtered resources.
2017-03-21 21:12:36,837 [Worker-10] INFO  o.e.m.c.i.embedder.EclipseLogger - skip non existing resourceDirectory C:\Users\agane\Desktop\Docker\Hello-World-Java\docker-git-hello-world\src\test\resources
2017-03-21 21:12:40,836 [Worker-13] INFO  o.e.m.c.i.embedder.EclipseLogger - Using 'UTF-8' encoding to copy filtered resources.
2017-03-21 21:12:40,836 [Worker-13] INFO  o.e.m.c.i.embedder.EclipseLogger - skip non existing resourceDirectory C:\Users\agane\Desktop\Docker\Hello-World-Java\docker-git-hello-world\src\main\resources
2017-03-21 21:12:40,839 [Worker-13] INFO  o.e.m.c.i.embedder.EclipseLogger - Using 'UTF-8' encoding to copy filtered resources.
2017-03-21 21:12:40,839 [Worker-13] INFO  o.e.m.c.i.embedder.EclipseLogger - skip non existing resourceDirectory C:\Users\agane\Desktop\Docker\Hello-World-Java\docker-git-hello-world\src\test\resources
2017-03-21 21:13:04,661 [Worker-14] INFO  o.e.m.c.i.embedder.EclipseLogger - Using 'UTF-8' encoding to copy filtered resources.
2017-03-21 21:13:04,662 [Worker-14] INFO  o.e.m.c.i.embedder.EclipseLogger - skip non existing resourceDirectory C:\Users\agane\Desktop\Docker\Hello-World-Java\docker-git-hello-world\src\main\resources
2017-03-21 21:13:04,664 [Worker-14] INFO  o.e.m.c.i.embedder.EclipseLogger - Using 'UTF-8' encoding to copy filtered resources.
2017-03-21 21:13:04,664 [Worker-14] INFO  o.e.m.c.i.embedder.EclipseLogger - skip non existing resourceDirectory C:\Users\agane\Desktop\Docker\Hello-World-Java\docker-git-hello-world\src\test\resources
2017-03-21 21:13:11,868 [Worker-8] INFO  o.e.m.c.i.embedder.EclipseLogger - Using 'UTF-8' encoding to copy filtered resources.
2017-03-21 21:13:11,868 [Worker-8] INFO  o.e.m.c.i.embedder.EclipseLogger - skip non existing resourceDirectory C:\Users\agane\Desktop\Docker\Hello-World-Java\docker-git-hello-world\src\main\resources
2017-03-21 21:13:11,870 [Worker-8] INFO  o.e.m.c.i.embedder.EclipseLogger - Using 'UTF-8' encoding to copy filtered resources.
2017-03-21 21:13:11,870 [Worker-8] INFO  o.e.m.c.i.embedder.EclipseLogger - skip non existing resourceDirectory C:\Users\agane\Desktop\Docker\Hello-World-Java\docker-git-hello-world\src\test\resources
2017-03-21 22:11:39,075 [Worker-23] INFO  o.e.m.c.i.embedder.EclipseLogger - Using 'UTF-8' encoding to copy filtered resources.
2017-03-21 22:11:39,075 [Worker-23] INFO  o.e.m.c.i.embedder.EclipseLogger - skip non existing resourceDirectory C:\Users\agane\Desktop\Docker\Hello-World-Java\docker-git-hello-world\src\main\resources
2017-03-21 22:11:39,078 [Worker-23] INFO  o.e.m.c.i.embedder.EclipseLogger - Using 'UTF-8' encoding to copy filtered resources.
2017-03-21 22:11:39,079 [Worker-23] INFO  o.e.m.c.i.embedder.EclipseLogger - skip non existing resourceDirectory C:\Users\agane\Desktop\Docker\Hello-World-Java\docker-git-hello-world\src\test\resources
2017-03-21 22:27:18,814 [Worker-24] INFO  o.e.m.c.i.embedder.EclipseLogger - Using 'UTF-8' encoding to copy filtered resources.
2017-03-21 22:27:18,815 [Worker-24] INFO  o.e.m.c.i.embedder.EclipseLogger - skip non existing resourceDirectory C:\Users\agane\Desktop\Docker\Hello-World-Java\docker-git-hello-world\src\main\resources
2017-03-21 22:27:18,817 [Worker-24] INFO  o.e.m.c.i.embedder.EclipseLogger - Using 'UTF-8' encoding to copy filtered resources.
2017-03-21 22:27:18,818 [Worker-24] INFO  o.e.m.c.i.embedder.EclipseLogger - skip non existing resourceDirectory C:\Users\agane\Desktop\Docker\Hello-World-Java\docker-git-hello-world\src\test\resources
2017-03-21 23:01:14,987 [Worker-0] INFO  c.g.t.t.d.PublishedGradleVersions - Gradle version information cache is up-to-date. Trying to read.
2017-03-21 23:01:23,304 [Thread-6] ERROR org.eclipse.jgit.util.FS - which: no git in (/usr/local/bin:/usr/bin:/cygdrive/c/Program Files/Java/jre1.8.0_92/bin/server:/cygdrive/c/Program Files/Java/jre1.8.0_92/bin:/cygdrive/c/Program Files/Java/jre1.8.0_92/lib/amd64:/cygdrive/c/Program Files/Docker/Docker/Resources/bin:/cygdrive/c/ProgramData/Oracle/Java/javapath:/cygdrive/c/Windows/system32:/cygdrive/c/Windows:/cygdrive/c/Windows/System32/Wbem:/cygdrive/c/Windows/System32/WindowsPowerShell/v1.0:/cygdrive/c/Program Files (x86)/Intel/OpenCL SDK/2.0/bin/x86:/cygdrive/c/Program Files (x86)/Intel/OpenCL SDK/2.0/bin/x64:/cygdrive/c/Program Files/Intel/WiFi/bin:/cygdrive/c/Program Files/Common Files/Intel/WirelessCommon:/cygdrive/c/Program Files (x86)/Intel/Services/IPT:/cygdrive/c/Program Files (x86)/Lenovo/Password Manager:/cygdrive/c/Program Files (x86)/Lenovo/Access Connections:/cygdrive/c/Program Files (x86)/Windows Live/Shared:/cygdrive/c/Windows/system32/config/systemprofile/.dnx/bin:/cygdrive/c/Program Files/Microsoft DNX/Dnvm:/cygdrive/c/Program Files/Microsoft SQL Server/130/Tools/Binn:/cygdrive/e/Softwares/nodejs:/cygdrive/c/Program Files (x86)/Skype/Phone:/cygdrive/c/ProgramData/Oracle/Java/javapath:/cygdrive/c/WINDOWS/system32:/cygdrive/c/WINDOWS:/cygdrive/c/WINDOWS/System32/Wbem:/cygdrive/c/WINDOWS/System32/WindowsPowerShell/v1.0:/cygdrive/c/Program Files (x86)/Intel/OpenCL SDK/2.0/bin/x86:/cygdrive/c/Program Files (x86)/Intel/OpenCL SDK/2.0/bin/x64:/cygdrive/c/Program Files/Intel/WiFi/bin:/cygdrive/c/Program Files/Common Files/Intel/WirelessCommon:/cygdrive/c/Program Files (x86)/Intel/Services/IPT:/cygdrive/c/Program Files (x86)/Lenovo/Password Manager:/cygdrive/c/Program Files (x86)/Lenovo/Access Connections:/cygdrive/c/Program Files (x86)/Skype/Phone:/cygdrive/c/Program Files (x86)/Windows Live/Shared:/cygdrive/c/WINDOWS/system32/config/systemprofile/.dnx/bin:/cygdrive/c/Program Files/Microsoft DNX/Dnvm:/cygdrive/c/Program Files/Microsoft SQL Server/130/Tools/Binn:/cygdrive/e/Softwares/nodejs:/cygdrive/c/Program Files/Common Files/Intel/Wireless:/usr/bin:/cygdrive/e/Softwares/apache-maven-3.3.9/bin:/cygdrive/c/Users/agane/AppData/Local/Microsoft/WindowsApps:/cygdrive/e/Softwares/Microsoft VS Code/bin:/cygdrive/c/Windows/system32)

2017-03-21 23:01:33,346 [Worker-4] INFO  o.e.m.c.i.embedder.EclipseLogger - Using 'UTF-8' encoding to copy filtered resources.
2017-03-21 23:01:33,346 [Worker-4] INFO  o.e.m.c.i.embedder.EclipseLogger - skip non existing resourceDirectory C:\Users\agane\Desktop\Docker\Hello-World-Java\docker-git-hello-world\src\main\resources
2017-03-21 23:01:33,350 [Worker-4] INFO  o.e.m.c.i.embedder.EclipseLogger - Using 'UTF-8' encoding to copy filtered resources.
2017-03-21 23:01:33,350 [Worker-4] INFO  o.e.m.c.i.embedder.EclipseLogger - skip non existing resourceDirectory C:\Users\agane\Desktop\Docker\Hello-World-Java\docker-git-hello-world\src\test\resources
2017-03-21 23:01:46,359 [Worker-14] INFO  o.e.m.c.i.embedder.EclipseLogger - Using 'UTF-8' encoding to copy filtered resources.
2017-03-21 23:01:46,359 [Worker-14] INFO  o.e.m.c.i.embedder.EclipseLogger - skip non existing resourceDirectory C:\Users\agane\Desktop\Docker\Hello-World-Java\docker-git-hello-world\src\main\resources
2017-03-21 23:01:46,366 [Worker-14] INFO  o.e.m.c.i.embedder.EclipseLogger - Using 'UTF-8' encoding to copy filtered resources.
2017-03-21 23:01:46,367 [Worker-14] INFO  o.e.m.c.i.embedder.EclipseLogger - skip non existing resourceDirectory C:\Users\agane\Desktop\Docker\Hello-World-Java\docker-git-hello-world\src\test\resources
